#! /mingw64/bin/vvp
:ivl_version "12.0 (devel)" "(s20150603-1148-gef01dd1e)";
:ivl_delay_selection "TYPICAL";
:vpi_time_precision + 0;
:vpi_module "C:\msys64\mingw64\lib\ivl\system.vpi";
:vpi_module "C:\msys64\mingw64\lib\ivl\vhdl_sys.vpi";
:vpi_module "C:\msys64\mingw64\lib\ivl\vhdl_textio.vpi";
:vpi_module "C:\msys64\mingw64\lib\ivl\v2005_math.vpi";
:vpi_module "C:\msys64\mingw64\lib\ivl\va_math.vpi";
S_0000018c2c082830 .scope module, "and_not_and_or_gates" "and_not_and_or_gates" 2 1;
 .timescale 0 0;
    .port_info 0 /OUTPUT 1 "i";
    .port_info 1 /OUTPUT 1 "m";
    .port_info 2 /OUTPUT 1 "rl";
    .port_info 3 /OUTPUT 1 "r";
    .port_info 4 /INPUT 1 "a";
    .port_info 5 /INPUT 1 "b";
    .port_info 6 /INPUT 1 "c";
o0000018c2c0b7008 .functor BUFZ 1, C4<z>; HiZ drive
L_0000018c2c082ba0 .functor AND 1, L_0000018c2c06e040, L_0000018c2c06e0b0, o0000018c2c0b7008, C4<1>;
L_0000018c2c083220 .functor NOT 1, o0000018c2c0b7008, C4<0>, C4<0>, C4<0>;
L_0000018c2c06e040 .functor NOT 1, o0000018c2c0b7008, C4<0>, C4<0>, C4<0>;
L_0000018c2c06e0b0 .functor NOT 1, o0000018c2c0b7008, C4<0>, C4<0>, C4<0>;
L_0000018c2c06e1b0 .functor AND 1, L_0000018c2c06e040, L_0000018c2c06e0b0, o0000018c2c0b7008, C4<1>;
L_0000018c2c06e220 .functor OR 1, L_0000018c2c06e0b0, o0000018c2c0b7008, C4<0>, C4<0>;
v0000018c2c082de0_0 .net "a", 0 0, L_0000018c2c06e040;  1 drivers
v0000018c2c0829c0_0 .net "b", 0 0, L_0000018c2c06e0b0;  1 drivers
v0000018c2c082a60_0 .net "c", 0 0, o0000018c2c0b7008;  0 drivers
v0000018c2c082b00_0 .net "i", 0 0, L_0000018c2c082ba0;  1 drivers
v0000018c2c06de60_0 .net "m", 0 0, L_0000018c2c083220;  1 drivers
v0000018c2c06df00_0 .net "r", 0 0, L_0000018c2c06e220;  1 drivers
v0000018c2c06dfa0_0 .net "rl", 0 0, L_0000018c2c06e1b0;  1 drivers
# The file index is used to find the file name in the following table.
:file_names 3;
    "N/A";
    "<interactive>";
    "VERILOG_CIRCUITS2.v";
